2025-03-19 19:32:25.956 | INFO     | utils.logger:<module>:39 - Logging to file: logs\project_log.log
2025-03-19 19:32:25.957 | INFO     | __main__:main:41 - Starting data preparation...
2025-03-19 19:32:25.957 | INFO     | __main__:read_raw_data:26 - Reading raw data from C:\Projects\smart-store-bvrtachnik\data\raw\customers_data.csv.
2025-03-19 19:32:25.962 | INFO     | __main__:read_raw_data:26 - Reading raw data from C:\Projects\smart-store-bvrtachnik\data\raw\products_data.csv.
2025-03-19 19:32:25.965 | INFO     | __main__:read_raw_data:26 - Reading raw data from C:\Projects\smart-store-bvrtachnik\data\raw\sales_data.csv.
2025-03-19 19:32:25.970 | INFO     | __main__:main:45 - Data preparation complete.
2025-04-03 13:08:23.936 | INFO     | utils.logger:<module>:39 - Logging to file: logs\project_log.log
2025-04-03 13:08:23.938 | INFO     | __main__:main:43 - Starting data warehouse creation...
2025-04-03 13:08:23.940 | INFO     | __main__:create_dw:31 - Data warehouse created successfully.
2025-04-03 13:08:23.941 | INFO     | __main__:main:45 - Data warehouse creation complete.
2025-04-03 13:13:43.404 | INFO     | utils.logger:<module>:39 - Logging to file: logs\project_log.log
2025-04-03 13:13:43.404 | INFO     | __main__:main:43 - Starting data warehouse creation...
2025-04-03 13:13:43.406 | INFO     | __main__:create_dw:31 - Data warehouse created successfully.
2025-04-03 13:13:43.406 | INFO     | __main__:main:45 - Data warehouse creation complete.
2025-04-03 13:18:51.228 | INFO     | utils.logger:<module>:39 - Logging to file: logs\project_log.log
2025-04-03 13:18:51.229 | INFO     | __main__:main:43 - Starting data warehouse creation...
2025-04-03 13:18:51.230 | INFO     | __main__:create_dw:31 - Data warehouse created successfully.
2025-04-03 13:18:51.231 | INFO     | __main__:main:45 - Data warehouse creation complete.
2025-04-03 13:22:37.043 | INFO     | utils.logger:<module>:39 - Logging to file: logs\project_log.log
2025-04-03 13:22:37.044 | INFO     | __main__:main:43 - Starting data warehouse creation...
2025-04-03 13:22:37.046 | INFO     | __main__:create_dw:31 - Data warehouse created successfully.
2025-04-03 13:22:37.047 | INFO     | __main__:main:45 - Data warehouse creation complete.
